krizziaci run #7
commit:  50ca53787ce5cae2a30a3f247a5c4a549f27057f
message: Add LICENSE, tool-choice justification, rubric mapping, and Contributing section
started: 2026-07-02T07:04:42.128Z
pipeline: o-aisthetikos

$ npm install

up to date, audited 337 packages in 582ms

46 packages are looking for funding
  run `npm fund` for details

found 0 vulnerabilities

$ npm run build

> o-aisthetikos@1.0.0 build
> node scripts/build.js

OK  server.js
OK  lib/serviceCatalog.js
OK  lib/doctorCatalog.js
OK  lib/appointmentStore.js
OK  lib/invoiceStore.js
OK  lib/renderInvoice.js
OK  public/app.js
Build check passed.

$ npm test

> o-aisthetikos@1.0.0 test
> jest

PASS test/invoiceStore.test.js
PASS test/appointmentStore.test.js
PASS test/renderInvoice.test.js
PASS test/serviceCatalog.test.js
PASS test/doctorCatalog.test.js

Test Suites: 5 passed, 5 total
Tests:       18 passed, 18 total
Snapshots:   0 total
Time:        0.155 s, estimated 1 s
Ran all test suites.


result: PASSED
duration: 1423ms
