krizziaci run #1
commit:  1afc936a758f60c086ca9ce82d0daacd2e7de28b
message: Initial commit: O Aisthetikos aesthetics clinic app with krizziaci CI/CD pipeline
started: 2026-07-02T06:09:18.506Z
pipeline: todo-app

$ npm install

up to date, audited 337 packages in 900ms

46 packages are looking for funding
  run `npm fund` for details

found 0 vulnerabilities

$ npm run build

> todo-app@1.0.0 build
> node scripts/build.js

OK  server.js
OK  lib/serviceCatalog.js
OK  lib/doctorCatalog.js
OK  lib/appointmentStore.js
OK  lib/invoiceStore.js
OK  lib/renderInvoice.js
OK  public/app.js
Build check passed.

$ npm test

> todo-app@1.0.0 test
> jest

PASS test/invoiceStore.test.js
PASS test/appointmentStore.test.js
PASS test/renderInvoice.test.js
PASS test/doctorCatalog.test.js
PASS test/serviceCatalog.test.js

Test Suites: 5 passed, 5 total
Tests:       16 passed, 16 total
Snapshots:   0 total
Time:        0.139 s, estimated 1 s
Ran all test suites.


result: PASSED
duration: 1611ms
