krizziaci run #6
commit:  125fd9e4aa9f847c5554ad2ad6eb657c3427504b
message: Rename package to o-aisthetikos to match the current app
started: 2026-07-02T06:48:40.684Z
pipeline: o-aisthetikos

$ npm install

up to date, audited 337 packages in 637ms

46 packages are looking for funding
  run `npm fund` for details

found 0 vulnerabilities

$ npm run build

> o-aisthetikos@1.0.0 build
> node scripts/build.js

OK  server.js
OK  lib/serviceCatalog.js
OK  lib/doctorCatalog.js
OK  lib/appointmentStore.js
OK  lib/invoiceStore.js
OK  lib/renderInvoice.js
OK  public/app.js
Build check passed.

$ npm test

> o-aisthetikos@1.0.0 test
> jest

PASS test/invoiceStore.test.js
PASS test/appointmentStore.test.js
PASS test/serviceCatalog.test.js
PASS test/renderInvoice.test.js
PASS test/doctorCatalog.test.js

Test Suites: 5 passed, 5 total
Tests:       18 passed, 18 total
Snapshots:   0 total
Time:        0.118 s, estimated 1 s
Ran all test suites.


result: PASSED
duration: 1327ms
