krizziaci run #3
commit:  a3c5d997f6e8dd586e79967311e79fb97959f4e6
message: Fix conflict detection: scope overlap check to the same date
started: 2026-07-02T06:09:59.993Z
pipeline: todo-app

$ npm install

up to date, audited 337 packages in 560ms

46 packages are looking for funding
  run `npm fund` for details

found 0 vulnerabilities

$ npm run build

> todo-app@1.0.0 build
> node scripts/build.js

OK  server.js
OK  lib/serviceCatalog.js
OK  lib/doctorCatalog.js
OK  lib/appointmentStore.js
OK  lib/invoiceStore.js
OK  lib/renderInvoice.js
OK  public/app.js
Build check passed.

$ npm test

> todo-app@1.0.0 test
> jest

PASS test/appointmentStore.test.js
PASS test/invoiceStore.test.js
PASS test/renderInvoice.test.js
PASS test/doctorCatalog.test.js
PASS test/serviceCatalog.test.js

Test Suites: 5 passed, 5 total
Tests:       18 passed, 18 total
Snapshots:   0 total
Time:        0.193 s, estimated 1 s
Ran all test suites.


result: PASSED
duration: 1391ms
