krizziaci run #11
commit:  d54371fdc0c939d8733e546c6b6e118df5a88372
message: ci: update workflow actions to Node 24
started: 2026-07-14T08:41:37.730Z
pipeline: o-aisthetikos

$ npm ci
npm warn deprecated inflight@1.0.6: This module is not supported, and leaks memory. Do not use it. Check out lru-cache if you want a good and tested way to coalesce async requests by a key value, which is much more comprehensive and powerful.
npm warn deprecated glob@7.2.3: Old versions of glob are not supported, and contain widely publicized security vulnerabilities, which have been fixed in the current version. Please update. Support for old versions may be purchased (at exorbitant rates) by contacting i@izs.me

added 336 packages, and audited 337 packages in 932ms

46 packages are looking for funding
  run `npm fund` for details

found 0 vulnerabilities

$ npm run build

> o-aisthetikos@1.0.0 build
> node scripts/build.js

OK  server.js
OK  lib/serviceCatalog.js
OK  lib/doctorCatalog.js
OK  lib/appointmentStore.js
OK  lib/invoiceStore.js
OK  lib/patientStore.js
OK  lib/renderInvoice.js
OK  public/app.js
Build check passed.

$ npm test

> o-aisthetikos@1.0.0 test
> jest

PASS test/appointmentStore.test.js
PASS test/patientStore.test.js
PASS test/invoiceStore.test.js
PASS test/renderInvoice.test.js
PASS test/serviceCatalog.test.js
PASS test/doctorCatalog.test.js

Test Suites: 6 passed, 6 total
Tests:       27 passed, 27 total
Snapshots:   0 total
Time:        0.155 s, estimated 1 s
Ran all test suites.

$ npm run quality

> o-aisthetikos@1.0.0 quality
> jest --runInBand --coverage --coverageThreshold='{"global":{"branches":75,"functions":80,"lines":90,"statements":85}}'

PASS test/appointmentStore.test.js
PASS test/patientStore.test.js
PASS test/renderInvoice.test.js
PASS test/invoiceStore.test.js
PASS test/serviceCatalog.test.js
PASS test/doctorCatalog.test.js
---------------------|---------|----------|---------|---------|-------------------
File                 | % Stmts | % Branch | % Funcs | % Lines | Uncovered Line #s 
---------------------|---------|----------|---------|---------|-------------------
All files            |   90.08 |    79.62 |   86.66 |    94.5 |                   
 appointmentStore.js |   93.54 |    78.57 |     100 |     100 | 37-38,43,49-50,85 
 doctorCatalog.js    |     100 |      100 |     100 |     100 |                   
 invoiceStore.js     |   77.27 |    66.66 |   42.85 |   83.33 | 38-43             
 patientStore.js     |      85 |    81.25 |      75 |    87.5 | 14-15             
 renderInvoice.js    |     100 |      100 |     100 |     100 |                   
 serviceCatalog.js   |     100 |      100 |     100 |     100 |                   
---------------------|---------|----------|---------|---------|-------------------

Test Suites: 6 passed, 6 total
Tests:       27 passed, 27 total
Snapshots:   0 total
Time:        0.181 s, estimated 1 s
Ran all test suites.


result: PASSED
duration: 2624ms
