krizziaci run #5
commit:  52c5dfa5109be694dbb71e674cc3cc8b50a8d08f
message: Add license section to README
started: 2026-07-02T06:24:29.418Z
pipeline: todo-app

$ npm install

up to date, audited 337 packages in 653ms

46 packages are looking for funding
  run `npm fund` for details

found 0 vulnerabilities

$ npm run build

> todo-app@1.0.0 build
> node scripts/build.js

OK  server.js
OK  lib/serviceCatalog.js
OK  lib/doctorCatalog.js
OK  lib/appointmentStore.js
OK  lib/invoiceStore.js
OK  lib/renderInvoice.js
OK  public/app.js
Build check passed.

$ npm test

> todo-app@1.0.0 test
> jest

PASS test/appointmentStore.test.js
PASS test/invoiceStore.test.js
PASS test/renderInvoice.test.js
PASS test/serviceCatalog.test.js
PASS test/doctorCatalog.test.js

Test Suites: 5 passed, 5 total
Tests:       18 passed, 18 total
Snapshots:   0 total
Time:        0.148 s, estimated 1 s
Ran all test suites.


result: PASSED
duration: 1469ms
