krizziaci run #8
commit:  48ef0d4ffa17cbc5bcc6bc56fd64ad10a1a74f7e
message: Fix stale commit hashes in build history left over from the authorship rewrite
started: 2026-07-02T07:08:47.218Z
pipeline: o-aisthetikos

$ npm install

up to date, audited 337 packages in 623ms

46 packages are looking for funding
  run `npm fund` for details

found 0 vulnerabilities

$ npm run build

> o-aisthetikos@1.0.0 build
> node scripts/build.js

OK  server.js
OK  lib/serviceCatalog.js
OK  lib/doctorCatalog.js
OK  lib/appointmentStore.js
OK  lib/invoiceStore.js
OK  lib/renderInvoice.js
OK  public/app.js
Build check passed.

$ npm test

> o-aisthetikos@1.0.0 test
> jest

PASS test/invoiceStore.test.js
PASS test/appointmentStore.test.js
PASS test/renderInvoice.test.js
PASS test/serviceCatalog.test.js
PASS test/doctorCatalog.test.js

Test Suites: 5 passed, 5 total
Tests:       18 passed, 18 total
Snapshots:   0 total
Time:        0.119 s, estimated 1 s
Ran all test suites.


result: PASSED
duration: 1318ms
