krizziaci run #9
commit:  257b1148d1d5125b8c2f25fd3b925865cb7a0639
message: Restrict doctor roster to Rhodora Nieto, switch currency to PHP, add patient records, and support multi-service bookings
started: 2026-07-03T02:19:28.657Z
pipeline: o-aisthetikos

$ npm install

up to date, audited 337 packages in 641ms

46 packages are looking for funding
  run `npm fund` for details

found 0 vulnerabilities

$ npm run build

> o-aisthetikos@1.0.0 build
> node scripts/build.js

OK  server.js
OK  lib/serviceCatalog.js
OK  lib/doctorCatalog.js
OK  lib/appointmentStore.js
OK  lib/invoiceStore.js
OK  lib/patientStore.js
OK  lib/renderInvoice.js
OK  public/app.js
Build check passed.

$ npm test

> o-aisthetikos@1.0.0 test
> jest

PASS test/patientStore.test.js
PASS test/invoiceStore.test.js
PASS test/appointmentStore.test.js
PASS test/renderInvoice.test.js
PASS test/serviceCatalog.test.js
PASS test/doctorCatalog.test.js

Test Suites: 6 passed, 6 total
Tests:       27 passed, 27 total
Snapshots:   0 total
Time:        0.172 s, estimated 1 s
Ran all test suites.


result: PASSED
duration: 1501ms
